2023-07-13T01:13:31.011781] [AMF] [amf_app] [info ] 
[2023-07-13T01:13:31.011805] [AMF] [amf_app] [info ] |----------------------------------------------------------------------------------------------------------------|
[2023-07-13T01:13:31.011807] [AMF] [amf_app] [info ] |----------------------------------------------------gNBs' information-------------------------------------------|
[2023-07-13T01:13:31.011808] [AMF] [amf_app] [info ] |    Index    |      Status      |       Global ID       |       gNB Name       |               PLMN             |
[2023-07-13T01:13:31.011809] [AMF] [amf_app] [info ] |      -      |          -       |           -           |           -          |               -                |
[2023-07-13T01:13:31.011811] [AMF] [amf_app] [info ] |----------------------------------------------------------------------------------------------------------------|
[2023-07-13T01:13:31.011812] [AMF] [amf_app] [info ] 
[2023-07-13T01:13:31.011813] [AMF] [amf_app] [info ] |----------------------------------------------------------------------------------------------------------------|
[2023-07-13T01:13:31.011814] [AMF] [amf_app] [info ] |----------------------------------------------------UEs' information--------------------------------------------|
[2023-07-13T01:13:31.011815] [AMF] [amf_app] [info ] | Index |      5GMM state      |      IMSI        |     GUTI      | RAN UE NGAP ID | AMF UE ID |  PLMN   |Cell ID|
[2023-07-13T01:13:31.011816] [AMF] [amf_app] [info ] |----------------------------------------------------------------------------------------------------------------|
[2023-07-13T01:13:31.011817] [AMF] [amf_app] [info ] 
[2023-07-13T01:13:51.011875] [AMF] [amf_app] [info ] 
[2023-07-13T01:13:51.011885] [AMF] [amf_app] [info ] |----------------------------------------------------------------------------------------------------------------|
[2023-07-13T01:13:51.011890] [AMF] [amf_app] [info ] |----------------------------------------------------gNBs' information-------------------------------------------|
[2023-07-13T01:13:51.011893] [AMF] [amf_app] [info ] |    Index    |      Status      |       Global ID       |       gNB Name       |               PLMN             |
[2023-07-13T01:13:51.011895] [AMF] [amf_app] [info ] |      -      |          -       |           -           |           -          |               -                |
[2023-07-13T01:13:51.011896] [AMF] [amf_app] [info ] |----------------------------------------------------------------------------------------------------------------|
[2023-07-13T01:13:51.011898] [AMF] [amf_app] [info ] 
[2023-07-13T01:13:51.011900] [AMF] [amf_app] [info ] |----------------------------------------------------------------------------------------------------------------|
[2023-07-13T01:13:51.011902] [AMF] [amf_app] [info ] |----------------------------------------------------UEs' information--------------------------------------------|
[2023-07-13T01:13:51.011904] [AMF] [amf_app] [info ] | Index |      5GMM state      |      IMSI        |     GUTI      | RAN UE NGAP ID | AMF UE ID |  PLMN   |Cell ID|
[2023-07-13T01:13:51.011906] [AMF] [amf_app] [info ] |----------------------------------------------------------------------------------------------------------------|
[2023-07-13T01:13:51.011908] [AMF] [amf_app] [info ] 
[2023-07-13T01:14:11.011984] [AMF] [amf_app] [info ] 
[2023-07-13T01:14:11.011994] [AMF] [amf_app] [info ] |----------------------------------------------------------------------------------------------------------------|
[2023-07-13T01:14:11.011995] [AMF] [amf_app] [info ] |----------------------------------------------------gNBs' information-------------------------------------------|
[2023-07-13T01:14:11.011997] [AMF] [amf_app] [info ] |    Index    |      Status      |       Global ID       |       gNB Name       |               PLMN             |
[2023-07-13T01:14:11.012013] [AMF] [amf_app] [info ] |      -      |          -       |           -           |           -          |               -                |
[2023-07-13T01:14:11.012014] [AMF] [amf_app] [info ] |----------------------------------------------------------------------------------------------------------------|
[2023-07-13T01:14:11.012015] [AMF] [amf_app] [info ] 
[2023-07-13T01:14:11.012016] [AMF] [amf_app] [info ] |----------------------------------------------------------------------------------------------------------------|
[2023-07-13T01:14:11.012018] [AMF] [amf_app] [info ] |----------------------------------------------------UEs' information--------------------------------------------|
[2023-07-13T01:14:11.012019] [AMF] [amf_app] [info ] | Index |      5GMM state      |      IMSI        |     GUTI      | RAN UE NGAP ID | AMF UE ID |  PLMN   |Cell ID|
[2023-07-13T01:14:11.012020] [AMF] [amf_app] [info ] |----------------------------------------------------------------------------------------------------------------|
[2023-07-13T01:14:11.012021] [AMF] [amf_app] [info ] 
[2023-07-13T01:14:31.012198] [AMF] [amf_app] [info ] 
[2023-07-13T01:14:31.012207] [AMF] [amf_app] [info ] |----------------------------------------------------------------------------------------------------------------|
[2023-07-13T01:14:31.012209] [AMF] [amf_app] [info ] |----------------------------------------------------gNBs' information-------------------------------------------|
[2023-07-13T01:14:31.012210] [AMF] [amf_app] [info ] |    Index    |      Status      |       Global ID       |       gNB Name       |               PLMN             |
[2023-07-13T01:14:31.012225] [AMF] [amf_app] [info ] |      -      |          -       |           -           |           -          |               -                |
[2023-07-13T01:14:31.012226] [AMF] [amf_app] [info ] |----------------------------------------------------------------------------------------------------------------|
[2023-07-13T01:14:31.012227] [AMF] [amf_app] [info ] 
[2023-07-13T01:14:31.012229] [AMF] [amf_app] [info ] |----------------------------------------------------------------------------------------------------------------|
[2023-07-13T01:14:31.012230] [AMF] [amf_app] [info ] |----------------------------------------------------UEs' information--------------------------------------------|
[2023-07-13T01:14:31.012231] [AMF] [amf_app] [info ] | Index |      5GMM state      |      IMSI        |     GUTI      | RAN UE NGAP ID | AMF UE ID |  PLMN   |Cell ID|
[2023-07-13T01:14:31.012233] [AMF] [amf_app] [info ] |----------------------------------------------------------------------------------------------------------------|
[2023-07-13T01:14:31.012234] [AMF] [amf_app] [info ] 
[2023-07-13T01:14:51.012416] [AMF] [amf_app] [info ] 
